<?xml version="1.0" encoding="utf-8"?><testsuites name="pytest tests"><testsuite name="pytest" errors="0" failures="0" skipped="0" tests="9" time="1.123" timestamp="2026-07-24T17:24:38.202069+00:00" hostname="agent-env-adcd75a9-9cfe-4ccb-bafc-daeb0de28e0e"><testcase classname="backend.tests.test_transfers_and_squads.TestTopDeals" name="test_top_deals_endpoint" time="0.168" /><testcase classname="backend.tests.test_transfers_and_squads.TestTopDeals" name="test_top_deals_sorted_desc" time="0.043" /><testcase classname="backend.tests.test_transfers_and_squads.TestTopDeals" name="test_top_deals_top_entries" time="0.043" /><testcase classname="backend.tests.test_transfers_and_squads.TestTopDeals" name="test_top_deals_fields" time="0.045" /><testcase classname="backend.tests.test_transfers_and_squads" name="test_club_squad[liverpool-18-expected_names0]" time="0.091" /><testcase classname="backend.tests.test_transfers_and_squads" name="test_club_squad[arsenal-18-expected_names1]" time="0.086" /><testcase classname="backend.tests.test_transfers_and_squads" name="test_club_squad[chelsea-18-expected_names2]" time="0.088" /><testcase classname="backend.tests.test_transfers_and_squads" name="test_club_squad[barcelona-18-expected_names3]" time="0.091" /><testcase classname="backend.tests.test_transfers_and_squads" name="test_squad_has_wikimedia_images" time="0.356" /></testsuite></testsuites>