<?xml version="1.0" encoding="utf-8"?><testsuites name="pytest tests"><testsuite name="pytest" errors="0" failures="0" skipped="0" tests="17" time="2.367" timestamp="2026-03-28T20:18:02.069424+00:00" hostname="agent-env-adcd75a9-9cfe-4ccb-bafc-daeb0de28e0e"><testcase classname="tests.test_trending_breaking_landing.TestTrendingEndpoints" name="test_trending_all_returns_valid_structure" time="0.146" /><testcase classname="tests.test_trending_breaking_landing.TestTrendingEndpoints" name="test_trending_all_with_custom_hours" time="0.132" /><testcase classname="tests.test_trending_breaking_landing.TestTrendingEndpoints" name="test_trending_players_only" time="0.103" /><testcase classname="tests.test_trending_breaking_landing.TestTrendingEndpoints" name="test_trending_clubs_only" time="0.107" /><testcase classname="tests.test_trending_breaking_landing.TestBreakingEndpoint" name="test_breaking_news_returns_valid_structure" time="0.107" /><testcase classname="tests.test_trending_breaking_landing.TestBreakingEndpoint" name="test_breaking_news_with_limit" time="0.120" /><testcase classname="tests.test_trending_breaking_landing.TestLandingPageEndpoints" name="test_player_landing_404_for_nonexistent" time="0.110" /><testcase classname="tests.test_trending_breaking_landing.TestLandingPageEndpoints" name="test_club_landing_404_for_nonexistent" time="0.180" /><testcase classname="tests.test_trending_breaking_landing.TestLandingPageEndpoints" name="test_free_transfers_landing" time="0.110" /><testcase classname="tests.test_trending_breaking_landing.TestLandingPageEndpoints" name="test_top_transfers_landing" time="0.116" /><testcase classname="tests.test_trending_breaking_landing.TestLandingPageEndpoints" name="test_top_transfers_with_limit" time="0.122" /><testcase classname="tests.test_trending_breaking_landing.TestPublicNewsEndpoints" name="test_public_news_list" time="0.111" /><testcase classname="tests.test_trending_breaking_landing.TestPublicNewsEndpoints" name="test_public_news_pagination" time="0.150" /><testcase classname="tests.test_trending_breaking_landing.TestPublicNewsEndpoints" name="test_public_news_detail_404_for_nonexistent" time="0.156" /><testcase classname="tests.test_trending_breaking_landing.TestRelatedLinksEndpoint" name="test_related_links_404_for_nonexistent" time="0.105" /><testcase classname="tests.test_trending_breaking_landing.TestExistingDataIntegration" name="test_get_published_articles_and_check_detail" time="0.245" /><testcase classname="tests.test_trending_breaking_landing.TestHealthAndBasicEndpoints" name="test_health_endpoint" time="0.129" /></testsuite></testsuites>